<?xml version="1.0" encoding="utf-8"?><testsuites name="pytest tests"><testsuite name="pytest" errors="0" failures="0" skipped="0" tests="27" time="6.412" timestamp="2026-06-27T09:28:34.761674+00:00" hostname="agent-env-e17ee658-09e0-4de0-a9ac-59df5558a6ae"><testcase classname="tests.backend_test.TestBlog" name="test_list_posts" time="0.234" /><testcase classname="tests.backend_test.TestLeads" name="test_create_lead_contact" time="0.299" /><testcase classname="tests.backend_test.TestBlog" name="test_get_single_post" time="0.086" /><testcase classname="tests.backend_test.TestLeads" name="test_create_lead_estimator" time="0.051" /><testcase classname="tests.backend_test.TestBlog" name="test_get_missing_post" time="0.049" /><testcase classname="tests.backend_test.TestLeads" name="test_create_lead_invalid_email" time="0.050" /><testcase classname="tests.backend_test.TestBlog" name="test_filter_category" time="0.043" /><testcase classname="tests.backend_test.TestLeads" name="test_list_leads_requires_admin" time="0.044" /><testcase classname="tests.backend_test.TestBlog" name="test_create_post_requires_admin" time="0.043" /><testcase classname="tests.backend_test.TestAdminAuth" name="test_login_success" time="0.042" /><testcase classname="tests.backend_test.TestLeads" name="test_full_lead_lifecycle" time="1.828" /><testcase classname="tests.backend_test.TestAdminAuth" name="test_login_invalid" time="0.083" /><testcase classname="tests.backend_test.TestAdminAuth" name="test_admin_me_requires_token" time="0.042" /><testcase classname="tests.backend_test.TestAdminAuth" name="test_admin_me_ok" time="0.171" /><testcase classname="tests.backend_test.TestBriefChat" name="test_brief_greeting_empty_messages" time="2.252" /><testcase classname="tests.backend_test.TestLeads" name="test_leads_stats" time="0.050" /><testcase classname="tests.backend_test.TestNewsletter" name="test_subscribe_and_idempotent" time="0.127" /><testcase classname="tests.backend_test.TestNewsletter" name="test_subscribe_invalid" time="0.074" /><testcase classname="tests.backend_test.TestNewsletter" name="test_list_requires_admin" time="0.059" /><testcase classname="tests.backend_test.TestNewsletter" name="test_list_as_admin" time="0.042" /><testcase classname="tests.backend_test.TestHealth" name="test_health" time="0.044" /><testcase classname="tests.backend_test.TestHealth" name="test_root" time="0.050" /><testcase classname="tests.backend_test.TestAdminPasswordRotation" name="test_old_password_rejected" time="0.045" /><testcase classname="tests.backend_test.TestAdminPasswordRotation" name="test_new_password_works" time="0.045" /><testcase classname="tests.backend_test.TestStats" name="test_stats" time="0.063" /><testcase classname="tests.backend_test.TestBriefChat" name="test_brief_continues_conversation" time="2.628" /><testcase classname="tests.backend_test.TestBriefChat" name="test_brief_lead_with_ai_brief_source" time="0.083" /></testsuite></testsuites>