<?xml version="1.0" encoding="utf-8"?><testsuites name="pytest tests"><testsuite name="pytest" errors="0" failures="0" skipped="0" tests="22" time="1.748" timestamp="2026-06-25T08:30:28.123085+00:00" hostname="agent-env-e17ee658-09e0-4de0-a9ac-59df5558a6ae"><testcase classname="tests.backend_test.TestLeads" name="test_create_lead_contact" time="0.167" /><testcase classname="tests.backend_test.TestBlog" name="test_list_posts" time="0.187" /><testcase classname="tests.backend_test.TestLeads" name="test_create_lead_estimator" time="0.091" /><testcase classname="tests.backend_test.TestBlog" name="test_get_single_post" time="0.138" /><testcase classname="tests.backend_test.TestLeads" name="test_create_lead_invalid_email" time="0.049" /><testcase classname="tests.backend_test.TestLeads" name="test_list_leads_requires_admin" time="0.052" /><testcase classname="tests.backend_test.TestBlog" name="test_get_missing_post" time="0.050" /><testcase classname="tests.backend_test.TestBlog" name="test_filter_category" time="0.047" /><testcase classname="tests.backend_test.TestLeads" name="test_full_lead_lifecycle" time="0.592" /><testcase classname="tests.backend_test.TestBlog" name="test_create_post_requires_admin" time="0.047" /><testcase classname="tests.backend_test.TestNewsletter" name="test_subscribe_and_idempotent" time="0.151" /><testcase classname="tests.backend_test.TestNewsletter" name="test_subscribe_invalid" time="0.117" /><testcase classname="tests.backend_test.TestNewsletter" name="test_list_requires_admin" time="0.100" /><testcase classname="tests.backend_test.TestLeads" name="test_leads_stats" time="0.082" /><testcase classname="tests.backend_test.TestNewsletter" name="test_list_as_admin" time="0.184" /><testcase classname="tests.backend_test.TestAdminAuth" name="test_login_success" time="0.047" /><testcase classname="tests.backend_test.TestHealth" name="test_health" time="0.051" /><testcase classname="tests.backend_test.TestAdminAuth" name="test_login_invalid" time="0.046" /><testcase classname="tests.backend_test.TestHealth" name="test_root" time="0.048" /><testcase classname="tests.backend_test.TestAdminAuth" name="test_admin_me_requires_token" time="0.047" /><testcase classname="tests.backend_test.TestStats" name="test_stats" time="0.049" /><testcase classname="tests.backend_test.TestAdminAuth" name="test_admin_me_ok" time="0.042" /></testsuite></testsuites>